2025-05-06 01:44:18,600 - INFO - Starting spam detection pipeline with Naïve Bayes and SVM
2025-05-06 01:44:18,610 - INFO - Previewing first 5 lines of data/dataset.csv:
2025-05-06 01:44:18,611 - INFO - Line 1: ham	Go until jurong point, crazy.. Available only in bugis n great world la e buffet... Cine there got amore wat...
2025-05-06 01:44:18,612 - INFO - Line 2: ham	Ok lar... Joking wif u oni...
2025-05-06 01:44:18,613 - INFO - Line 3: spam	Free entry in 2 a wkly comp to win FA Cup final tkts 21st May 2005. Text FA to 87121 to receive entry question(std txt rate)T&C's apply 08452810075over18's
2025-05-06 01:44:18,614 - INFO - Line 4: ham	U dun say so early hor... U c already then say...
2025-05-06 01:44:18,614 - INFO - Line 5: ham	Nah I don't think he goes to usf, he lives around here though
2025-05-06 01:44:18,615 - INFO - Cleaning dataset: data/dataset.csv
2025-05-06 01:44:18,640 - INFO - Cleaned dataset saved to data/cleaned_dataset.csv
2025-05-06 01:44:18,642 - INFO - Dataset cleaning took 0.0264 seconds
2025-05-06 01:44:18,756 - INFO - Loaded 5574 valid samples
2025-05-06 01:44:18,762 - INFO - Class distribution: {'not_spam': 4827, 'spam': 747}
2025-05-06 01:44:18,764 - INFO - Data loading and preprocessing took 0.1631 seconds
2025-05-06 01:44:18,779 - INFO - Training set size: 4459, Test set size: 1115
2025-05-06 01:44:18,966 - INFO - Vocabulary size: 9977
2025-05-06 01:44:18,967 - INFO - Text vectorization took 0.1868 seconds
2025-05-06 01:44:18,974 - INFO - Naïve Bayes model trained successfully
2025-05-06 01:44:18,975 - INFO - Naïve Bayes training took 0.0077 seconds
2025-05-06 01:44:18,987 - INFO - 
--- Naïve Bayes Results ---
2025-05-06 01:44:18,988 - INFO - Accuracy: 0.9776
2025-05-06 01:44:18,988 - INFO - Precision (spam): 0.9921
2025-05-06 01:44:18,989 - INFO - Recall (spam): 0.8389
2025-05-06 01:44:18,989 - INFO - F1-score (spam): 0.9091
2025-05-06 01:44:18,990 - INFO - Naïve Bayes evaluation took 0.0143 seconds
2025-05-06 01:44:19,012 - INFO - SVM model trained successfully
2025-05-06 01:44:19,013 - INFO - SVM training took 0.0215 seconds
2025-05-06 01:44:19,028 - INFO - 
--- SVM Results ---
2025-05-06 01:44:19,028 - INFO - Accuracy: 0.9848
2025-05-06 01:44:19,029 - INFO - Precision (spam): 0.9521
2025-05-06 01:44:19,030 - INFO - Recall (spam): 0.9329
2025-05-06 01:44:19,030 - INFO - F1-score (spam): 0.9424
2025-05-06 01:44:19,033 - INFO - SVM evaluation took 0.0194 seconds
2025-05-06 01:44:19,035 - INFO - 
=== Model Comparison ===
2025-05-06 01:44:19,037 - INFO - Naïve Bayes Accuracy: 0.9776
2025-05-06 01:44:19,038 - INFO - SVM Accuracy: 0.9848
2025-05-06 01:44:19,039 - INFO - Accuracy Difference (SVM - NB): 0.0072
2025-05-06 01:44:19,041 - INFO - 
Spam Class Metrics Comparison:
2025-05-06 01:44:19,041 - INFO - Metric          Naïve Bayes     SVM            
2025-05-06 01:44:19,042 - INFO - ---------------------------------------------
2025-05-06 01:44:19,043 - INFO - Precision       0.9921          0.9521         
2025-05-06 01:44:19,044 - INFO - Recall          0.8389          0.9329         
2025-05-06 01:44:19,045 - INFO - F1-score        0.9091          0.9424         
2025-05-06 01:44:19,056 - INFO - 
Top Naïve Bayes spam features: [('free', np.float64(0.002682353036111534)), ('txt', np.float64(0.0018666035493384392)), ('stop', np.float64(0.0016746789821013616)), ('text', np.float64(0.0015970912900126447)), ('mobile', np.float64(0.0015794647590104522)), ('claim', np.float64(0.0015458991892335603)), ('reply', np.float64(0.0014794919805973343)), ('ur', np.float64(0.0014011788002742168)), ('www', np.float64(0.0013985124070268991)), ('prize', np.float64(0.0012837529283372296))]
2025-05-06 01:44:19,065 - INFO - Top SVM spam features: [('uk', np.float64(2.2732570594450903)), ('mobile', np.float64(2.1749408714253455)), ('txt', np.float64(1.9388065528128013)), ('claim', np.float64(1.8962492098377632)), ('150p', np.float64(1.780258693943252)), ('won', np.float64(1.7490170436618757)), ('50', np.float64(1.7380799895248473)), ('www', np.float64(1.6829639848904618)), ('com', np.float64(1.66966456450967)), ('video', np.float64(1.5602256383943296))]
2025-05-06 01:49:26,850 - INFO - Starting spam detection pipeline with Naïve Bayes and SVM
2025-05-06 01:49:26,852 - INFO - Previewing first 5 lines of data/dataset.csv:
2025-05-06 01:49:26,853 - INFO - Line 1: ham	Go until jurong point, crazy.. Available only in bugis n great world la e buffet... Cine there got amore wat...
2025-05-06 01:49:26,854 - INFO - Line 2: ham	Ok lar... Joking wif u oni...
2025-05-06 01:49:26,854 - INFO - Line 3: spam	Free entry in 2 a wkly comp to win FA Cup final tkts 21st May 2005. Text FA to 87121 to receive entry question(std txt rate)T&C's apply 08452810075over18's
2025-05-06 01:49:26,855 - INFO - Line 4: ham	U dun say so early hor... U c already then say...
2025-05-06 01:49:26,856 - INFO - Line 5: ham	Nah I don't think he goes to usf, he lives around here though
2025-05-06 01:49:26,856 - INFO - Cleaning dataset: data/dataset.csv
2025-05-06 01:49:26,878 - INFO - Cleaned dataset saved to data/cleaned_dataset.csv
2025-05-06 01:49:26,882 - INFO - Dataset cleaning took 0.0257 seconds
2025-05-06 01:49:26,925 - INFO - Loaded 5574 valid samples
2025-05-06 01:49:26,926 - INFO - Class distribution: {'not_spam': 4827, 'spam': 747}
2025-05-06 01:49:26,928 - INFO - Data loading and preprocessing took 0.0760 seconds
2025-05-06 01:49:26,937 - INFO - Training set size: 4459, Test set size: 1115
2025-05-06 01:49:27,172 - INFO - Vocabulary size: 9977
2025-05-06 01:49:27,173 - INFO - Text vectorization took 0.2349 seconds
2025-05-06 01:49:27,183 - INFO - Naïve Bayes model trained successfully
2025-05-06 01:49:27,184 - INFO - Naïve Bayes training took 0.0099 seconds
2025-05-06 01:49:27,201 - INFO - 
--- Naïve Bayes Results ---
2025-05-06 01:49:27,202 - INFO - Accuracy: 0.9776
2025-05-06 01:49:27,203 - INFO - Precision (spam): 0.9921
2025-05-06 01:49:27,203 - INFO - Recall (spam): 0.8389
2025-05-06 01:49:27,204 - INFO - F1-score (spam): 0.9091
2025-05-06 01:49:27,205 - INFO - Naïve Bayes evaluation took 0.0205 seconds
2025-05-06 01:49:27,231 - INFO - SVM model trained successfully
2025-05-06 01:49:27,234 - INFO - SVM training took 0.0285 seconds
2025-05-06 01:49:27,253 - INFO - 
--- SVM Results ---
2025-05-06 01:49:27,255 - INFO - Accuracy: 0.9848
2025-05-06 01:49:27,255 - INFO - Precision (spam): 0.9521
2025-05-06 01:49:27,256 - INFO - Recall (spam): 0.9329
2025-05-06 01:49:27,257 - INFO - F1-score (spam): 0.9424
2025-05-06 01:49:27,258 - INFO - SVM evaluation took 0.0222 seconds
2025-05-06 01:49:27,259 - INFO - 
=== Model Comparison ===
2025-05-06 01:49:27,260 - INFO - Naïve Bayes Accuracy: 0.9776
2025-05-06 01:49:27,261 - INFO - SVM Accuracy: 0.9848
2025-05-06 01:49:27,263 - INFO - Accuracy Difference (SVM - NB): 0.0072
2025-05-06 01:49:27,266 - INFO - 
Spam Class Metrics Comparison:
2025-05-06 01:49:27,266 - INFO - Metric          Naïve Bayes     SVM            
2025-05-06 01:49:27,267 - INFO - ---------------------------------------------
2025-05-06 01:49:27,268 - INFO - Precision       0.9921          0.9521         
2025-05-06 01:49:27,268 - INFO - Recall          0.8389          0.9329         
2025-05-06 01:49:27,269 - INFO - F1-score        0.9091          0.9424         
2025-05-06 01:49:27,282 - INFO - 
Top Naïve Bayes spam features: [('free', np.float64(0.002682353036111534)), ('txt', np.float64(0.0018666035493384392)), ('stop', np.float64(0.0016746789821013616)), ('text', np.float64(0.0015970912900126447)), ('mobile', np.float64(0.0015794647590104522)), ('claim', np.float64(0.0015458991892335603)), ('reply', np.float64(0.0014794919805973343)), ('ur', np.float64(0.0014011788002742168)), ('www', np.float64(0.0013985124070268991)), ('prize', np.float64(0.0012837529283372296))]
2025-05-06 01:49:27,288 - INFO - Top SVM spam features: [('uk', np.float64(2.2732570594450903)), ('mobile', np.float64(2.1749408714253455)), ('txt', np.float64(1.9388065528128013)), ('claim', np.float64(1.8962492098377632)), ('150p', np.float64(1.780258693943252)), ('won', np.float64(1.7490170436618757)), ('50', np.float64(1.7380799895248473)), ('www', np.float64(1.6829639848904618)), ('com', np.float64(1.66966456450967)), ('video', np.float64(1.5602256383943296))]
2025-05-06 01:49:27,289 - INFO - 
=== Interactive Spam Detector ===
2025-05-06 01:51:08,431 - INFO - Starting spam detection pipeline with Naïve Bayes and SVM
2025-05-06 01:51:08,432 - INFO - Previewing first 5 lines of data/dataset.csv:
2025-05-06 01:51:08,433 - INFO - Line 1: ham	Go until jurong point, crazy.. Available only in bugis n great world la e buffet... Cine there got amore wat...
2025-05-06 01:51:08,434 - INFO - Line 2: ham	Ok lar... Joking wif u oni...
2025-05-06 01:51:08,435 - INFO - Line 3: spam	Free entry in 2 a wkly comp to win FA Cup final tkts 21st May 2005. Text FA to 87121 to receive entry question(std txt rate)T&C's apply 08452810075over18's
2025-05-06 01:51:08,435 - INFO - Line 4: ham	U dun say so early hor... U c already then say...
2025-05-06 01:51:08,436 - INFO - Line 5: ham	Nah I don't think he goes to usf, he lives around here though
2025-05-06 01:51:08,438 - INFO - Cleaning dataset: data/dataset.csv
2025-05-06 01:51:08,458 - INFO - Cleaned dataset saved to data/cleaned_dataset.csv
2025-05-06 01:51:08,460 - INFO - Dataset cleaning took 0.0208 seconds
2025-05-06 01:51:08,498 - INFO - Loaded 5574 valid samples
2025-05-06 01:51:08,500 - INFO - Class distribution: {'not_spam': 4827, 'spam': 747}
2025-05-06 01:51:08,501 - INFO - Data loading and preprocessing took 0.0694 seconds
2025-05-06 01:51:08,510 - INFO - Training set size: 4459, Test set size: 1115
2025-05-06 01:51:08,737 - INFO - Vocabulary size: 9977
2025-05-06 01:51:08,738 - INFO - Text vectorization took 0.2264 seconds
2025-05-06 01:51:08,744 - INFO - Naïve Bayes model trained successfully
2025-05-06 01:51:08,745 - INFO - Naïve Bayes training took 0.0066 seconds
2025-05-06 01:51:08,761 - INFO - 
--- Naïve Bayes Results ---
2025-05-06 01:51:08,762 - INFO - Accuracy: 0.9776
2025-05-06 01:51:08,763 - INFO - Precision (spam): 0.9921
2025-05-06 01:51:08,764 - INFO - Recall (spam): 0.8389
2025-05-06 01:51:08,766 - INFO - F1-score (spam): 0.9091
2025-05-06 01:51:08,769 - INFO - Naïve Bayes evaluation took 0.0236 seconds
2025-05-06 01:51:08,789 - INFO - SVM model trained successfully
2025-05-06 01:51:08,790 - INFO - SVM training took 0.0197 seconds
2025-05-06 01:51:08,808 - INFO - 
--- SVM Results ---
2025-05-06 01:51:08,810 - INFO - Accuracy: 0.9848
2025-05-06 01:51:08,810 - INFO - Precision (spam): 0.9521
2025-05-06 01:51:08,811 - INFO - Recall (spam): 0.9329
2025-05-06 01:51:08,812 - INFO - F1-score (spam): 0.9424
2025-05-06 01:51:08,813 - INFO - SVM evaluation took 0.0210 seconds
2025-05-06 01:51:08,814 - INFO - 
=== Model Comparison ===
2025-05-06 01:51:08,815 - INFO - Naïve Bayes Accuracy: 0.9776
2025-05-06 01:51:08,818 - INFO - SVM Accuracy: 0.9848
2025-05-06 01:51:08,820 - INFO - Accuracy Difference (SVM - NB): 0.0072
2025-05-06 01:51:08,823 - INFO - 
Spam Class Metrics Comparison:
2025-05-06 01:51:08,829 - INFO - Metric          Naïve Bayes     SVM            
2025-05-06 01:51:08,830 - INFO - ---------------------------------------------
2025-05-06 01:51:08,830 - INFO - Precision       0.9921          0.9521         
2025-05-06 01:51:08,831 - INFO - Recall          0.8389          0.9329         
2025-05-06 01:51:08,833 - INFO - F1-score        0.9091          0.9424         
2025-05-06 01:51:08,844 - INFO - 
Top Naïve Bayes spam features: [('free', np.float64(0.002682353036111534)), ('txt', np.float64(0.0018666035493384392)), ('stop', np.float64(0.0016746789821013616)), ('text', np.float64(0.0015970912900126447)), ('mobile', np.float64(0.0015794647590104522)), ('claim', np.float64(0.0015458991892335603)), ('reply', np.float64(0.0014794919805973343)), ('ur', np.float64(0.0014011788002742168)), ('www', np.float64(0.0013985124070268991)), ('prize', np.float64(0.0012837529283372296))]
2025-05-06 01:51:08,848 - INFO - Top SVM spam features: [('uk', np.float64(2.2732570594450903)), ('mobile', np.float64(2.1749408714253455)), ('txt', np.float64(1.9388065528128013)), ('claim', np.float64(1.8962492098377632)), ('150p', np.float64(1.780258693943252)), ('won', np.float64(1.7490170436618757)), ('50', np.float64(1.7380799895248473)), ('www', np.float64(1.6829639848904618)), ('com', np.float64(1.66966456450967)), ('video', np.float64(1.5602256383943296))]
2025-05-06 01:51:08,850 - INFO - 
=== Interactive Spam Detector ===
2025-05-06 01:58:15,056 - INFO - Starting spam detection pipeline with Naïve Bayes and SVM
2025-05-06 01:58:15,058 - INFO - Previewing first 5 lines of data/dataset.csv:
2025-05-06 01:58:15,059 - INFO - Line 1: ham	Go until jurong point, crazy.. Available only in bugis n great world la e buffet... Cine there got amore wat...
2025-05-06 01:58:15,060 - INFO - Line 2: ham	Ok lar... Joking wif u oni...
2025-05-06 01:58:15,060 - INFO - Line 3: spam	Free entry in 2 a wkly comp to win FA Cup final tkts 21st May 2005. Text FA to 87121 to receive entry question(std txt rate)T&C's apply 08452810075over18's
2025-05-06 01:58:15,061 - INFO - Line 4: ham	U dun say so early hor... U c already then say...
2025-05-06 01:58:15,061 - INFO - Line 5: ham	Nah I don't think he goes to usf, he lives around here though
2025-05-06 01:58:15,062 - INFO - Cleaning dataset: data/dataset.csv
2025-05-06 01:58:15,079 - INFO - Cleaned dataset saved to data/cleaned_dataset.csv
2025-05-06 01:58:15,079 - INFO - Dataset cleaning took 0.0173 seconds
2025-05-06 01:58:15,145 - INFO - Loaded 5574 valid samples
2025-05-06 01:58:15,148 - INFO - Class distribution: {'not_spam': 4827, 'spam': 747}
2025-05-06 01:58:15,150 - INFO - Data loading and preprocessing took 0.0917 seconds
2025-05-06 01:58:15,161 - INFO - Training set size: 4459, Test set size: 1115
2025-05-06 01:58:15,424 - INFO - Vocabulary size: 9977
2025-05-06 01:58:15,425 - INFO - Text vectorization took 0.2619 seconds
2025-05-06 01:58:15,433 - INFO - Naïve Bayes model trained successfully
2025-05-06 01:58:15,434 - INFO - Naïve Bayes training took 0.0083 seconds
2025-05-06 01:58:15,450 - INFO - 
--- Naïve Bayes Results ---
2025-05-06 01:58:15,451 - INFO - Accuracy: 0.9776
2025-05-06 01:58:15,452 - INFO - Precision (spam): 0.9921
2025-05-06 01:58:15,455 - INFO - Recall (spam): 0.8389
2025-05-06 01:58:15,458 - INFO - F1-score (spam): 0.9091
2025-05-06 01:58:15,459 - INFO - Naïve Bayes evaluation took 0.0234 seconds
2025-05-06 01:58:15,478 - INFO - SVM model trained successfully
2025-05-06 01:58:15,479 - INFO - SVM training took 0.0197 seconds
2025-05-06 01:58:15,496 - INFO - 
--- SVM Results ---
2025-05-06 01:58:15,497 - INFO - Accuracy: 0.9848
2025-05-06 01:58:15,497 - INFO - Precision (spam): 0.9521
2025-05-06 01:58:15,498 - INFO - Recall (spam): 0.9329
2025-05-06 01:58:15,499 - INFO - F1-score (spam): 0.9424
2025-05-06 01:58:15,500 - INFO - SVM evaluation took 0.0193 seconds
2025-05-06 01:58:15,501 - INFO - 
=== Model Comparison ===
2025-05-06 01:58:15,502 - INFO - Naïve Bayes Accuracy: 0.9776
2025-05-06 01:58:15,503 - INFO - SVM Accuracy: 0.9848
2025-05-06 01:58:15,506 - INFO - Accuracy Difference (SVM - NB): 0.0072
2025-05-06 01:58:15,508 - INFO - 
Spam Class Metrics Comparison:
2025-05-06 01:58:15,508 - INFO - Metric          Naïve Bayes     SVM            
2025-05-06 01:58:15,509 - INFO - ---------------------------------------------
2025-05-06 01:58:15,510 - INFO - Precision       0.9921          0.9521         
2025-05-06 01:58:15,511 - INFO - Recall          0.8389          0.9329         
2025-05-06 01:58:15,512 - INFO - F1-score        0.9091          0.9424         
2025-05-06 01:58:15,521 - INFO - 
Top Naïve Bayes spam features: [('free', np.float64(0.002682353036111534)), ('txt', np.float64(0.0018666035493384392)), ('stop', np.float64(0.0016746789821013616)), ('text', np.float64(0.0015970912900126447)), ('mobile', np.float64(0.0015794647590104522)), ('claim', np.float64(0.0015458991892335603)), ('reply', np.float64(0.0014794919805973343)), ('ur', np.float64(0.0014011788002742168)), ('www', np.float64(0.0013985124070268991)), ('prize', np.float64(0.0012837529283372296))]
2025-05-06 01:58:15,531 - INFO - Top SVM spam features: [('uk', np.float64(2.2732570594450903)), ('mobile', np.float64(2.1749408714253455)), ('txt', np.float64(1.9388065528128013)), ('claim', np.float64(1.8962492098377632)), ('150p', np.float64(1.780258693943252)), ('won', np.float64(1.7490170436618757)), ('50', np.float64(1.7380799895248473)), ('www', np.float64(1.6829639848904618)), ('com', np.float64(1.66966456450967)), ('video', np.float64(1.5602256383943296))]
2025-05-06 01:58:15,532 - INFO - 
=== Interactive Spam Detector ===
2025-05-06 01:58:15,533 - INFO - Enter text to classify as spam or not_spam. Type 'exit' to quit.
2025-05-06 01:58:15,547 - INFO - Empty input, please enter some text
2025-05-06 02:02:53,396 - INFO - Empty input, please enter some text
2025-05-06 02:02:53,719 - INFO - Empty input, please enter some text
2025-05-06 02:03:44,063 - INFO - Empty input, please enter some text
2025-05-06 02:03:44,337 - INFO - Empty input, please enter some text
2025-05-06 02:12:22,350 - INFO - Empty input, please enter some text
2025-05-06 02:24:08,229 - INFO - Starting spam detection pipeline with Naïve Bayes and SVM
2025-05-06 02:24:08,230 - INFO - Previewing first 5 lines of data/dataset.csv:
2025-05-06 02:24:08,231 - INFO - Line 1: ham	Go until jurong point, crazy.. Available only in bugis n great world la e buffet... Cine there got amore wat...
2025-05-06 02:24:08,232 - INFO - Line 2: ham	Ok lar... Joking wif u oni...
2025-05-06 02:24:08,233 - INFO - Line 3: spam	Free entry in 2 a wkly comp to win FA Cup final tkts 21st May 2005. Text FA to 87121 to receive entry question(std txt rate)T&C's apply 08452810075over18's
2025-05-06 02:24:08,234 - INFO - Line 4: ham	U dun say so early hor... U c already then say...
2025-05-06 02:24:08,235 - INFO - Line 5: ham	Nah I don't think he goes to usf, he lives around here though
2025-05-06 02:24:08,236 - INFO - Cleaning dataset: data/dataset.csv
2025-05-06 02:24:08,258 - INFO - Cleaned dataset saved to data/cleaned_dataset.csv
2025-05-06 02:24:08,260 - INFO - Dataset cleaning took 0.0239 seconds
2025-05-06 02:24:08,306 - INFO - Loaded 5574 valid samples
2025-05-06 02:24:08,307 - INFO - Class distribution: {'not_spam': 4827, 'spam': 747}
2025-05-06 02:24:08,308 - INFO - Data loading and preprocessing took 0.0781 seconds
2025-05-06 02:24:08,314 - INFO - Training set size: 4459, Test set size: 1115
2025-05-06 02:24:08,516 - INFO - Vocabulary size: 9977
2025-05-06 02:24:08,517 - INFO - Text vectorization took 0.2024 seconds
2025-05-06 02:24:08,523 - INFO - Naïve Bayes model trained successfully
2025-05-06 02:24:08,523 - INFO - Naïve Bayes training took 0.0057 seconds
2025-05-06 02:24:08,536 - INFO - 
--- Naïve Bayes Results ---
2025-05-06 02:24:08,537 - INFO - Accuracy: 0.9776
2025-05-06 02:24:08,538 - INFO - Precision (spam): 0.9921
2025-05-06 02:24:08,539 - INFO - Recall (spam): 0.8389
2025-05-06 02:24:08,540 - INFO - F1-score (spam): 0.9091
2025-05-06 02:24:08,541 - INFO - Naïve Bayes evaluation took 0.0166 seconds
2025-05-06 02:24:08,557 - INFO - SVM model trained successfully
2025-05-06 02:24:08,558 - INFO - SVM training took 0.0170 seconds
2025-05-06 02:24:08,577 - INFO - 
--- SVM Results ---
2025-05-06 02:24:08,579 - INFO - Accuracy: 0.9848
2025-05-06 02:24:08,581 - INFO - Precision (spam): 0.9521
2025-05-06 02:24:08,582 - INFO - Recall (spam): 0.9329
2025-05-06 02:24:08,583 - INFO - F1-score (spam): 0.9424
2025-05-06 02:24:08,585 - INFO - SVM evaluation took 0.0255 seconds
2025-05-06 02:24:08,585 - INFO - 
=== Model Comparison ===
2025-05-06 02:24:08,586 - INFO - Naïve Bayes Accuracy: 0.9776
2025-05-06 02:24:08,588 - INFO - SVM Accuracy: 0.9848
2025-05-06 02:24:08,589 - INFO - Accuracy Difference (SVM - NB): 0.0072
2025-05-06 02:24:08,593 - INFO - 
Spam Class Metrics Comparison:
2025-05-06 02:24:08,594 - INFO - Metric          Naïve Bayes     SVM            
2025-05-06 02:24:08,595 - INFO - ---------------------------------------------
2025-05-06 02:24:08,596 - INFO - Precision       0.9921          0.9521         
2025-05-06 02:24:08,598 - INFO - Recall          0.8389          0.9329         
2025-05-06 02:24:08,599 - INFO - F1-score        0.9091          0.9424         
2025-05-06 02:24:08,617 - INFO - 
Top Naïve Bayes spam features: [('free', np.float64(0.002682353036111534)), ('txt', np.float64(0.0018666035493384392)), ('stop', np.float64(0.0016746789821013616)), ('text', np.float64(0.0015970912900126447)), ('mobile', np.float64(0.0015794647590104522)), ('claim', np.float64(0.0015458991892335603)), ('reply', np.float64(0.0014794919805973343)), ('ur', np.float64(0.0014011788002742168)), ('www', np.float64(0.0013985124070268991)), ('prize', np.float64(0.0012837529283372296))]
2025-05-06 02:24:08,628 - INFO - Top SVM spam features: [('uk', np.float64(2.2732570594450903)), ('mobile', np.float64(2.1749408714253455)), ('txt', np.float64(1.9388065528128013)), ('claim', np.float64(1.8962492098377632)), ('150p', np.float64(1.780258693943252)), ('won', np.float64(1.7490170436618757)), ('50', np.float64(1.7380799895248473)), ('www', np.float64(1.6829639848904618)), ('com', np.float64(1.66966456450967)), ('video', np.float64(1.5602256383943296))]
2025-05-06 02:24:08,629 - INFO - 
=== Interactive Spam Detector ===
2025-05-06 02:24:08,631 - INFO - Enter text to classify as spam or not_spam. Type 'exit' to quit.
